<?xml version="1.0" encoding="UTF-8"?>
<testsuite xmlns:xsi="http://www.w3.org/2001/XMLSchema-instance" xsi:noNamespaceSchemaLocation="https://maven.apache.org/surefire/maven-surefire-plugin/xsd/surefire-test-report-3.0.xsd" version="3.0" name="TestSuite" time="29.652" tests="6" errors="0" skipped="0" failures="0">
  <properties>
    <property name="java.specification.version" value="17"/>
    <property name="webdriver.chrome.driver" value="C:\Users\dicruz\.cache\selenium\chromedriver\win32\99.0.4844.51\chromedriver.exe"/>
    <property name="sun.cpu.isalist" value="amd64"/>
    <property name="sun.jnu.encoding" value="Cp1252"/>
    <property name="java.class.path" value="C:\Users\dicruz\OneDrive - ENDAVA\Documents\JavaProjects\Chalenge UI\target\test-classes;C:\Users\dicruz\OneDrive - ENDAVA\Documents\JavaProjects\Chalenge UI\target\classes;C:\Users\dicruz\.m2\repository\org\testng\testng\7.5\testng-7.5.jar;C:\Users\dicruz\.m2\repository\com\google\code\findbugs\jsr305\3.0.1\jsr305-3.0.1.jar;C:\Users\dicruz\.m2\repository\org\slf4j\slf4j-api\1.7.32\slf4j-api-1.7.32.jar;C:\Users\dicruz\.m2\repository\com\beust\jcommander\1.78\jcommander-1.78.jar;C:\Users\dicruz\.m2\repository\org\webjars\jquery\3.5.1\jquery-3.5.1.jar;C:\Users\dicruz\.m2\repository\org\seleniumhq\selenium\selenium-java\3.141.59\selenium-java-3.141.59.jar;C:\Users\dicruz\.m2\repository\org\seleniumhq\selenium\selenium-api\3.141.59\selenium-api-3.141.59.jar;C:\Users\dicruz\.m2\repository\org\seleniumhq\selenium\selenium-chrome-driver\3.141.59\selenium-chrome-driver-3.141.59.jar;C:\Users\dicruz\.m2\repository\org\seleniumhq\selenium\selenium-edge-driver\3.141.59\selenium-edge-driver-3.141.59.jar;C:\Users\dicruz\.m2\repository\org\seleniumhq\selenium\selenium-firefox-driver\3.141.59\selenium-firefox-driver-3.141.59.jar;C:\Users\dicruz\.m2\repository\org\seleniumhq\selenium\selenium-ie-driver\3.141.59\selenium-ie-driver-3.141.59.jar;C:\Users\dicruz\.m2\repository\org\seleniumhq\selenium\selenium-opera-driver\3.141.59\selenium-opera-driver-3.141.59.jar;C:\Users\dicruz\.m2\repository\org\seleniumhq\selenium\selenium-remote-driver\3.141.59\selenium-remote-driver-3.141.59.jar;C:\Users\dicruz\.m2\repository\org\seleniumhq\selenium\selenium-safari-driver\3.141.59\selenium-safari-driver-3.141.59.jar;C:\Users\dicruz\.m2\repository\org\seleniumhq\selenium\selenium-support\3.141.59\selenium-support-3.141.59.jar;C:\Users\dicruz\.m2\repository\net\bytebuddy\byte-buddy\1.8.15\byte-buddy-1.8.15.jar;C:\Users\dicruz\.m2\repository\org\apache\commons\commons-exec\1.3\commons-exec-1.3.jar;C:\Users\dicruz\.m2\repository\com\google\guava\guava\25.0-jre\guava-25.0-jre.jar;C:\Users\dicruz\.m2\repository\org\checkerframework\checker-compat-qual\2.0.0\checker-compat-qual-2.0.0.jar;C:\Users\dicruz\.m2\repository\com\google\errorprone\error_prone_annotations\2.1.3\error_prone_annotations-2.1.3.jar;C:\Users\dicruz\.m2\repository\com\google\j2objc\j2objc-annotations\1.1\j2objc-annotations-1.1.jar;C:\Users\dicruz\.m2\repository\org\codehaus\mojo\animal-sniffer-annotations\1.14\animal-sniffer-annotations-1.14.jar;C:\Users\dicruz\.m2\repository\com\squareup\okhttp3\okhttp\3.11.0\okhttp-3.11.0.jar;C:\Users\dicruz\.m2\repository\com\squareup\okio\okio\1.14.0\okio-1.14.0.jar;C:\Users\dicruz\.m2\repository\io\github\bonigarcia\webdrivermanager\5.0.3\webdrivermanager-5.0.3.jar;C:\Users\dicruz\.m2\repository\com\google\code\gson\gson\2.8.8\gson-2.8.8.jar;C:\Users\dicruz\.m2\repository\org\jsoup\jsoup\1.14.2\jsoup-1.14.2.jar;C:\Users\dicruz\.m2\repository\com\github\docker-java\docker-java\3.2.12\docker-java-3.2.12.jar;C:\Users\dicruz\.m2\repository\com\github\docker-java\docker-java-core\3.2.12\docker-java-core-3.2.12.jar;C:\Users\dicruz\.m2\repository\com\github\docker-java\docker-java-api\3.2.12\docker-java-api-3.2.12.jar;C:\Users\dicruz\.m2\repository\com\fasterxml\jackson\core\jackson-annotations\2.10.3\jackson-annotations-2.10.3.jar;C:\Users\dicruz\.m2\repository\commons-io\commons-io\2.6\commons-io-2.6.jar;C:\Users\dicruz\.m2\repository\org\apache\commons\commons-compress\1.21\commons-compress-1.21.jar;C:\Users\dicruz\.m2\repository\commons-lang\commons-lang\2.6\commons-lang-2.6.jar;C:\Users\dicruz\.m2\repository\com\fasterxml\jackson\core\jackson-databind\2.10.3\jackson-databind-2.10.3.jar;C:\Users\dicruz\.m2\repository\com\fasterxml\jackson\core\jackson-core\2.10.3\jackson-core-2.10.3.jar;C:\Users\dicruz\.m2\repository\org\bouncycastle\bcpkix-jdk15on\1.64\bcpkix-jdk15on-1.64.jar;C:\Users\dicruz\.m2\repository\org\bouncycastle\bcprov-jdk15on\1.64\bcprov-jdk15on-1.64.jar;C:\Users\dicruz\.m2\repository\org\slf4j\jcl-over-slf4j\1.7.30\jcl-over-slf4j-1.7.30.jar;C:\Users\dicruz\.m2\repository\com\github\docker-java\docker-java-transport-httpclient5\3.2.12\docker-java-transport-httpclient5-3.2.12.jar;C:\Users\dicruz\.m2\repository\com\github\docker-java\docker-java-transport\3.2.12\docker-java-transport-3.2.12.jar;C:\Users\dicruz\.m2\repository\org\apache\httpcomponents\client5\httpclient5\5.0.3\httpclient5-5.0.3.jar;C:\Users\dicruz\.m2\repository\org\apache\httpcomponents\core5\httpcore5\5.0.2\httpcore5-5.0.2.jar;C:\Users\dicruz\.m2\repository\commons-codec\commons-codec\1.13\commons-codec-1.13.jar;C:\Users\dicruz\.m2\repository\net\java\dev\jna\jna\5.8.0\jna-5.8.0.jar;C:\Users\dicruz\.m2\repository\org\brotli\dec\0.1.2\dec-0.1.2.jar;C:\Users\dicruz\.m2\repository\io\qameta\allure\allure-testng\2.17.3\allure-testng-2.17.3.jar;C:\Users\dicruz\.m2\repository\io\qameta\allure\allure-java-commons\2.17.3\allure-java-commons-2.17.3.jar;C:\Users\dicruz\.m2\repository\io\qameta\allure\allure-model\2.17.3\allure-model-2.17.3.jar;C:\Users\dicruz\.m2\repository\io\qameta\allure\allure-test-filter\2.17.3\allure-test-filter-2.17.3.jar;C:\Users\dicruz\.m2\repository\org\apache\logging\log4j\log4j-core\2.17.1\log4j-core-2.17.1.jar;C:\Users\dicruz\.m2\repository\org\apache\logging\log4j\log4j-api\2.17.1\log4j-api-2.17.1.jar;C:\Users\dicruz\.m2\repository\org\apache\logging\log4j\log4j-slf4j-impl\2.15.0\log4j-slf4j-impl-2.15.0.jar;"/>
    <property name="java.vm.vendor" value="Oracle Corporation"/>
    <property name="sun.arch.data.model" value="64"/>
    <property name="user.variant" value=""/>
    <property name="java.vendor.url" value="https://java.oracle.com/"/>
    <property name="user.timezone" value="America/Bogota"/>
    <property name="os.name" value="Windows 10"/>
    <property name="java.vm.specification.version" value="17"/>
    <property name="sun.java.launcher" value="SUN_STANDARD"/>
    <property name="user.country" value="US"/>
    <property name="sun.boot.library.path" value="C:\Program Files\Java\jdk-17.0.2\bin"/>
    <property name="sun.java.command" value="C:\Users\dicruz\AppData\Local\Temp\surefire6489385399710306902\surefirebooter8779659112618505689.jar C:\Users\dicruz\AppData\Local\Temp\surefire6489385399710306902 2022-03-23T22-12-48_550-jvmRun1 surefire15580379409004622430tmp surefire_02039895144202826830tmp"/>
    <property name="jdk.debug" value="release"/>
    <property name="surefire.test.class.path" value="C:\Users\dicruz\OneDrive - ENDAVA\Documents\JavaProjects\Chalenge UI\target\test-classes;C:\Users\dicruz\OneDrive - ENDAVA\Documents\JavaProjects\Chalenge UI\target\classes;C:\Users\dicruz\.m2\repository\org\testng\testng\7.5\testng-7.5.jar;C:\Users\dicruz\.m2\repository\com\google\code\findbugs\jsr305\3.0.1\jsr305-3.0.1.jar;C:\Users\dicruz\.m2\repository\org\slf4j\slf4j-api\1.7.32\slf4j-api-1.7.32.jar;C:\Users\dicruz\.m2\repository\com\beust\jcommander\1.78\jcommander-1.78.jar;C:\Users\dicruz\.m2\repository\org\webjars\jquery\3.5.1\jquery-3.5.1.jar;C:\Users\dicruz\.m2\repository\org\seleniumhq\selenium\selenium-java\3.141.59\selenium-java-3.141.59.jar;C:\Users\dicruz\.m2\repository\org\seleniumhq\selenium\selenium-api\3.141.59\selenium-api-3.141.59.jar;C:\Users\dicruz\.m2\repository\org\seleniumhq\selenium\selenium-chrome-driver\3.141.59\selenium-chrome-driver-3.141.59.jar;C:\Users\dicruz\.m2\repository\org\seleniumhq\selenium\selenium-edge-driver\3.141.59\selenium-edge-driver-3.141.59.jar;C:\Users\dicruz\.m2\repository\org\seleniumhq\selenium\selenium-firefox-driver\3.141.59\selenium-firefox-driver-3.141.59.jar;C:\Users\dicruz\.m2\repository\org\seleniumhq\selenium\selenium-ie-driver\3.141.59\selenium-ie-driver-3.141.59.jar;C:\Users\dicruz\.m2\repository\org\seleniumhq\selenium\selenium-opera-driver\3.141.59\selenium-opera-driver-3.141.59.jar;C:\Users\dicruz\.m2\repository\org\seleniumhq\selenium\selenium-remote-driver\3.141.59\selenium-remote-driver-3.141.59.jar;C:\Users\dicruz\.m2\repository\org\seleniumhq\selenium\selenium-safari-driver\3.141.59\selenium-safari-driver-3.141.59.jar;C:\Users\dicruz\.m2\repository\org\seleniumhq\selenium\selenium-support\3.141.59\selenium-support-3.141.59.jar;C:\Users\dicruz\.m2\repository\net\bytebuddy\byte-buddy\1.8.15\byte-buddy-1.8.15.jar;C:\Users\dicruz\.m2\repository\org\apache\commons\commons-exec\1.3\commons-exec-1.3.jar;C:\Users\dicruz\.m2\repository\com\google\guava\guava\25.0-jre\guava-25.0-jre.jar;C:\Users\dicruz\.m2\repository\org\checkerframework\checker-compat-qual\2.0.0\checker-compat-qual-2.0.0.jar;C:\Users\dicruz\.m2\repository\com\google\errorprone\error_prone_annotations\2.1.3\error_prone_annotations-2.1.3.jar;C:\Users\dicruz\.m2\repository\com\google\j2objc\j2objc-annotations\1.1\j2objc-annotations-1.1.jar;C:\Users\dicruz\.m2\repository\org\codehaus\mojo\animal-sniffer-annotations\1.14\animal-sniffer-annotations-1.14.jar;C:\Users\dicruz\.m2\repository\com\squareup\okhttp3\okhttp\3.11.0\okhttp-3.11.0.jar;C:\Users\dicruz\.m2\repository\com\squareup\okio\okio\1.14.0\okio-1.14.0.jar;C:\Users\dicruz\.m2\repository\io\github\bonigarcia\webdrivermanager\5.0.3\webdrivermanager-5.0.3.jar;C:\Users\dicruz\.m2\repository\com\google\code\gson\gson\2.8.8\gson-2.8.8.jar;C:\Users\dicruz\.m2\repository\org\jsoup\jsoup\1.14.2\jsoup-1.14.2.jar;C:\Users\dicruz\.m2\repository\com\github\docker-java\docker-java\3.2.12\docker-java-3.2.12.jar;C:\Users\dicruz\.m2\repository\com\github\docker-java\docker-java-core\3.2.12\docker-java-core-3.2.12.jar;C:\Users\dicruz\.m2\repository\com\github\docker-java\docker-java-api\3.2.12\docker-java-api-3.2.12.jar;C:\Users\dicruz\.m2\repository\com\fasterxml\jackson\core\jackson-annotations\2.10.3\jackson-annotations-2.10.3.jar;C:\Users\dicruz\.m2\repository\commons-io\commons-io\2.6\commons-io-2.6.jar;C:\Users\dicruz\.m2\repository\org\apache\commons\commons-compress\1.21\commons-compress-1.21.jar;C:\Users\dicruz\.m2\repository\commons-lang\commons-lang\2.6\commons-lang-2.6.jar;C:\Users\dicruz\.m2\repository\com\fasterxml\jackson\core\jackson-databind\2.10.3\jackson-databind-2.10.3.jar;C:\Users\dicruz\.m2\repository\com\fasterxml\jackson\core\jackson-core\2.10.3\jackson-core-2.10.3.jar;C:\Users\dicruz\.m2\repository\org\bouncycastle\bcpkix-jdk15on\1.64\bcpkix-jdk15on-1.64.jar;C:\Users\dicruz\.m2\repository\org\bouncycastle\bcprov-jdk15on\1.64\bcprov-jdk15on-1.64.jar;C:\Users\dicruz\.m2\repository\org\slf4j\jcl-over-slf4j\1.7.30\jcl-over-slf4j-1.7.30.jar;C:\Users\dicruz\.m2\repository\com\github\docker-java\docker-java-transport-httpclient5\3.2.12\docker-java-transport-httpclient5-3.2.12.jar;C:\Users\dicruz\.m2\repository\com\github\docker-java\docker-java-transport\3.2.12\docker-java-transport-3.2.12.jar;C:\Users\dicruz\.m2\repository\org\apache\httpcomponents\client5\httpclient5\5.0.3\httpclient5-5.0.3.jar;C:\Users\dicruz\.m2\repository\org\apache\httpcomponents\core5\httpcore5\5.0.2\httpcore5-5.0.2.jar;C:\Users\dicruz\.m2\repository\commons-codec\commons-codec\1.13\commons-codec-1.13.jar;C:\Users\dicruz\.m2\repository\net\java\dev\jna\jna\5.8.0\jna-5.8.0.jar;C:\Users\dicruz\.m2\repository\org\brotli\dec\0.1.2\dec-0.1.2.jar;C:\Users\dicruz\.m2\repository\io\qameta\allure\allure-testng\2.17.3\allure-testng-2.17.3.jar;C:\Users\dicruz\.m2\repository\io\qameta\allure\allure-java-commons\2.17.3\allure-java-commons-2.17.3.jar;C:\Users\dicruz\.m2\repository\io\qameta\allure\allure-model\2.17.3\allure-model-2.17.3.jar;C:\Users\dicruz\.m2\repository\io\qameta\allure\allure-test-filter\2.17.3\allure-test-filter-2.17.3.jar;C:\Users\dicruz\.m2\repository\org\apache\logging\log4j\log4j-core\2.17.1\log4j-core-2.17.1.jar;C:\Users\dicruz\.m2\repository\org\apache\logging\log4j\log4j-api\2.17.1\log4j-api-2.17.1.jar;C:\Users\dicruz\.m2\repository\org\apache\logging\log4j\log4j-slf4j-impl\2.15.0\log4j-slf4j-impl-2.15.0.jar;"/>
    <property name="sun.cpu.endian" value="little"/>
    <property name="user.home" value="C:\Users\dicruz"/>
    <property name="user.language" value="en"/>
    <property name="java.specification.vendor" value="Oracle Corporation"/>
    <property name="java.version.date" value="2022-01-18"/>
    <property name="java.home" value="C:\Program Files\Java\jdk-17.0.2"/>
    <property name="file.separator" value="\"/>
    <property name="basedir" value="C:\Users\dicruz\OneDrive - ENDAVA\Documents\JavaProjects\Chalenge UI"/>
    <property name="java.vm.compressedOopsMode" value="Zero based"/>
    <property name="line.separator" value="&#10;"/>
    <property name="java.vm.specification.vendor" value="Oracle Corporation"/>
    <property name="java.specification.name" value="Java Platform API Specification"/>
    <property name="surefire.real.class.path" value="C:\Users\dicruz\AppData\Local\Temp\surefire6489385399710306902\surefirebooter8779659112618505689.jar"/>
    <property name="user.script" value=""/>
    <property name="sun.management.compiler" value="HotSpot 64-Bit Tiered Compilers"/>
    <property name="java.runtime.version" value="17.0.2+8-LTS-86"/>
    <property name="user.name" value="DiCruz"/>
    <property name="path.separator" value=";"/>
    <property name="os.version" value="10.0"/>
    <property name="java.runtime.name" value="Java(TM) SE Runtime Environment"/>
    <property name="file.encoding" value="Cp1252"/>
    <property name="java.vm.name" value="Java HotSpot(TM) 64-Bit Server VM"/>
    <property name="localRepository" value="C:\Users\dicruz\.m2\repository"/>
    <property name="java.vendor.url.bug" value="https://bugreport.java.com/bugreport/"/>
    <property name="java.io.tmpdir" value="C:\Users\dicruz\AppData\Local\Temp\"/>
    <property name="java.version" value="17.0.2"/>
    <property name="user.dir" value="C:\Users\dicruz\OneDrive - ENDAVA\Documents\JavaProjects\Chalenge UI"/>
    <property name="os.arch" value="amd64"/>
    <property name="java.vm.specification.name" value="Java Virtual Machine Specification"/>
    <property name="sun.os.patch.level" value=""/>
    <property name="native.encoding" value="Cp1252"/>
    <property name="java.library.path" value="C:\Program Files\Java\jdk-17.0.2\bin;C:\WINDOWS\Sun\Java\bin;C:\WINDOWS\system32;C:\WINDOWS;C:\Program Files\Microsoft\jdk-11.0.12.7-hotspot\bin;C:\Program Files\Common Files\Oracle\Java\javapath;C:\Program Files (x86)\Common Files\Oracle\Java\javapath;C:\WINDOWS\system32;C:\WINDOWS;C:\WINDOWS\System32\Wbem;C:\WINDOWS\System32\WindowsPowerShell\v1.0\;C:\WINDOWS\System32\OpenSSH\;C:\Program Files (x86)\Intel\Intel(R) Management Engine Components\DAL;C:\Program Files\Intel\Intel(R) Management Engine Components\DAL;C:\Program Files\Git\cmd;C:\Program Files\nodejs\;C:\Program Files\MySQL\MySQL Server 8.0\bin;C:\Users\dicruz\AppData\Local\Android\Sdk\build-tools;C:\Users\dicruz\AppData\Local\Android\Sdk\platform-tools;C:\Users\dicruz\AppData\Local\Android\Sdk\tools;C:\Program Files\dotnet\;C:\Users\dicruz\scoop\apps\allure\current\bin;C:\Program Files\MySQL\MySQL Shell 8.0\bin\;C:\Users\dicruz\AppData\Local\Microsoft\WindowsApps;C:\Users\dicruz\AppData\Local\Programs\Microsoft VS Code\bin;C:\Users\dicruz\AppData\Roaming\npm;C:\apache-maven-3.8.4\bin;C:\Users\dicruz\.dotnet\tools;."/>
    <property name="java.vm.info" value="mixed mode, sharing"/>
    <property name="java.vendor" value="Oracle Corporation"/>
    <property name="java.vm.version" value="17.0.2+8-LTS-86"/>
    <property name="sun.io.unicode.encoding" value="UnicodeLittle"/>
    <property name="java.class.version" value="61.0"/>
  </properties>
  <testcase name="successfulSearch" classname="tests.MovieTest" time="0.916">
    <system-out><![CDATA[2022-03-23 22:12:53 INFO  WebDriverManager - Using chromedriver 99.0.4844.51 (resolved driver for Chrome 99)
2022-03-23 22:12:53 INFO  WebDriverManager - Using chromedriver 99.0.4844.51 (resolved driver for Chrome 99)
2022-03-23 22:12:53 INFO  WebDriverManager - Using chromedriver 99.0.4844.51 (resolved driver for Chrome 99)
2022-03-23 22:12:53 INFO  WebDriverManager - Using chromedriver 99.0.4844.51 (resolved driver for Chrome 99)
2022-03-23 22:12:53 INFO  WebDriverManager - Exporting webdriver.chrome.driver as C:\Users\dicruz\.cache\selenium\chromedriver\win32\99.0.4844.51\chromedriver.exe
2022-03-23 22:12:53 INFO  WebDriverManager - Exporting webdriver.chrome.driver as C:\Users\dicruz\.cache\selenium\chromedriver\win32\99.0.4844.51\chromedriver.exe
2022-03-23 22:12:53 INFO  WebDriverManager - Exporting webdriver.chrome.driver as C:\Users\dicruz\.cache\selenium\chromedriver\win32\99.0.4844.51\chromedriver.exe
2022-03-23 22:12:53 INFO  WebDriverManager - Exporting webdriver.chrome.driver as C:\Users\dicruz\.cache\selenium\chromedriver\win32\99.0.4844.51\chromedriver.exe
2022-03-23 22:13:04 INFO  LoginTest - Test: Successful login.
2022-03-23 22:13:04 INFO  MovieTest - Test: Successful search of the movie: Fight Club
2022-03-23 22:13:04 INFO  LandingPage - Clicking on 'Login' button at Home.
2022-03-23 22:13:04 INFO  LandingPage - Sending keys of the movie.
2022-03-23 22:13:04 INFO  LandingPage - Clicking on 'Login' button at Home.
2022-03-23 22:13:05 INFO  MovieTest - Test: Verifying movies ascending sorting by date.
2022-03-23 22:13:05 INFO  BasePage - Clicking on 'Top-Rated' movies.
2022-03-23 22:13:06 INFO  LoginPage - Filling 'username' and 'password' fields.
2022-03-23 22:13:06 INFO  LoginPage - Filling 'username' and 'password' fields.
2022-03-23 22:13:06 INFO  LandingPage - Clicking on search button.
2022-03-23 22:13:06 INFO  ResultsPage - Getting movie name from page.
2022-03-23 22:13:06 INFO  LoginPage - Clicking on 'Login' button.
]]></system-out>
    <system-err><![CDATA[Starting ChromeDriver 99.0.4844.51 (d537ec02474b5afe23684e7963d538896c63ac77-refs/branch-heads/4844@{#875}) on port 13120
Only local connections are allowed.
Please see https://chromedriver.chromium.org/security-considerations for suggestions on keeping ChromeDriver safe.
ChromeDriver was started successfully.
Starting ChromeDriver 99.0.4844.51 (d537ec02474b5afe23684e7963d538896c63ac77-refs/branch-heads/4844@{#875}) on port 21701
Only local connections are allowed.
Please see https://chromedriver.chromium.org/security-considerations for suggestions on keeping ChromeDriver safe.
ChromeDriver was started successfully.
Starting ChromeDriver 99.0.4844.51 (d537ec02474b5afe23684e7963d538896c63ac77-refs/branch-heads/4844@{#875}) on port 23470
Only local connections are allowed.
Please see https://chromedriver.chromium.org/security-considerations for suggestions on keeping ChromeDriver safe.
ChromeDriver was started successfully.
Starting ChromeDriver 99.0.4844.51 (d537ec02474b5afe23684e7963d538896c63ac77-refs/branch-heads/4844@{#875}) on port 27921
Only local connections are allowed.
Please see https://chromedriver.chromium.org/security-considerations for suggestions on keeping ChromeDriver safe.
ChromeDriver was started successfully.
Mar 23, 2022 10:13:01 PM org.openqa.selenium.remote.ProtocolHandshake createSession
INFO: Detected dialect: W3C
Mar 23, 2022 10:13:01 PM org.openqa.selenium.remote.ProtocolHandshake createSession
INFO: Detected dialect: W3C
Mar 23, 2022 10:13:01 PM org.openqa.selenium.remote.ProtocolHandshake createSession
INFO: Detected dialect: W3C
Mar 23, 2022 10:13:03 PM org.openqa.selenium.remote.ProtocolHandshake createSession
INFO: Detected dialect: W3C
]]></system-err>
  </testcase>
  <testcase name="sortByDatesOnAscendingOrder" classname="tests.MovieTest" time="3.972">
    <system-out><![CDATA[2022-03-23 22:13:08 INFO  WebDriverManager - Using chromedriver 99.0.4844.51 (resolved driver for Chrome 99)
2022-03-23 22:13:08 INFO  WebDriverManager - Exporting webdriver.chrome.driver as C:\Users\dicruz\.cache\selenium\chromedriver\win32\99.0.4844.51\chromedriver.exe
2022-03-23 22:13:08 INFO  ResultsPage - Selecting sorting option: 'Release Date Ascending'.
2022-03-23 22:13:09 INFO  ResultsPage - Waiting the results of option selected appears on screen: 'Release Date Ascending'.
2022-03-23 22:13:09 INFO  ResultsPage - Checking the dates of the first four are sorted in ascending order.
1896
1902
1903
1915
]]></system-out>
    <system-err><![CDATA[Starting ChromeDriver 99.0.4844.51 (d537ec02474b5afe23684e7963d538896c63ac77-refs/branch-heads/4844@{#875}) on port 13980
Only local connections are allowed.
Please see https://chromedriver.chromium.org/security-considerations for suggestions on keeping ChromeDriver safe.
ChromeDriver was started successfully.
Starting ChromeDriver 99.0.4844.51 (d537ec02474b5afe23684e7963d538896c63ac77-refs/branch-heads/4844@{#875}) on port 45575
Only local connections are allowed.
Please see https://chromedriver.chromium.org/security-considerations for suggestions on keeping ChromeDriver safe.
ChromeDriver was started successfully.
]]></system-err>
  </testcase>
  <testcase name="verifyMovieGenreFilter" classname="tests.MovieTest" time="3.941">
    <system-out><![CDATA[2022-03-23 22:13:14 INFO  MovieTest - Test: Validating an actor appears on a movie selected.
2022-03-23 22:13:14 INFO  BasePage - Clicking on 'Now Playing' movies.
2022-03-23 22:13:15 INFO  MovieTest - Test: Verify the Action Movies Filter.
2022-03-23 22:13:15 INFO  BasePage - Clicking on 'Top-Rated' movies.
2022-03-23 22:13:17 INFO  ResultsPage - Selecting the movie: Gold from results.
2022-03-23 22:13:17 INFO  ResultsPage - Selecting genre: 'Action' from filter box.
2022-03-23 22:13:17 INFO  ResultsPage - Clicking on 'Search' button.
2022-03-23 22:13:17 INFO  ResultsPage - Waiting the results of option selected appears on screen: 'Action'.
2022-03-23 22:13:18 INFO  MoviePage - Selecting from 'Top Billed Cast' section the actor: Susie Porter
2022-03-23 22:13:18 INFO  ResultsPage - Selecting the movie: The Dark Knight from results.
2022-03-23 22:13:18 INFO  ActorPage - Verifying the movie selected is on the acting history list.
2022-03-23 22:13:19 INFO  MoviePage - Getting genres of movie selected.
Drama Action Crime Thriller 
]]></system-out>
    <system-err><![CDATA[Mar 23, 2022 10:13:13 PM org.openqa.selenium.remote.ProtocolHandshake createSession
INFO: Detected dialect: W3C
Mar 23, 2022 10:13:14 PM org.openqa.selenium.remote.ProtocolHandshake createSession
INFO: Detected dialect: W3C
]]></system-err>
  </testcase>
  <testcase name="validateActingTimeline" classname="tests.MovieTest" time="4.179"/>
  <testcase name="failedLogin" classname="tests.LoginTest" time="1.977">
    <system-out><![CDATA[2022-03-23 22:13:06 INFO  LoginPage - Clicking on 'Login' button.
2022-03-23 22:13:07 INFO  WebDriverManager - Using chromedriver 99.0.4844.51 (resolved driver for Chrome 99)
2022-03-23 22:13:07 INFO  WebDriverManager - Exporting webdriver.chrome.driver as C:\Users\dicruz\.cache\selenium\chromedriver\win32\99.0.4844.51\chromedriver.exe
2022-03-23 22:13:07 INFO  LoginPage - Getting non-successful login message.
]]></system-out>
  </testcase>
  <testcase name="successfulLogin" classname="tests.LoginTest" time="2.461">
    <system-out><![CDATA[2022-03-23 22:13:08 INFO  ProfilePage - Getting the username from profile.
]]></system-out>
  </testcase>
</testsuite>