<?xml version="1.0" encoding="UTF-8"?>
<!-- Generated by org.testng.reporters.JUnitReportReporter -->
<testsuite hostname="EN911205" failures="0" tests="4" name="tests.MovieTest" time="54.627" errors="0" timestamp="2022-03-23T22:13:20 COT" skipped="0">
  <testcase classname="tests.MovieTest" name="sortByDatesOnAscendingOrder" time="10.865"/>
  <system-out/>
  <testcase classname="tests.MovieTest" name="validateActingTimeline" time="18.113"/>
  <system-out/>
  <testcase classname="tests.MovieTest" name="verifyMovieGenreFilter" time="11.817"/>
  <system-out/>
  <testcase classname="tests.MovieTest" name="successfulSearch" time="13.832"/>
  <system-out/>
</testsuite> <!-- tests.MovieTest -->
