<?xml version="1.0" encoding="UTF-8"?>
<!-- Generated by org.testng.reporters.JUnitReportReporter -->
<testsuite hostname="EN911205" failures="0" tests="2" name="tests.LoginTest" time="31.063" errors="0" timestamp="2022-03-23T22:13:20 COT" skipped="0">
  <testcase classname="tests.LoginTest" name="successfulLogin" time="16.222"/>
  <system-out/>
  <testcase classname="tests.LoginTest" name="failedLogin" time="14.841"/>
  <system-out/>
</testsuite> <!-- tests.LoginTest -->
