<?xml version="1.0" encoding="UTF-8"?>
<!-- Generated by org.testng.reporters.JUnitReportReporter -->
<testsuite hostname="EN911205" failures="0" tests="2" name="tests.LoginTest" time="27.902" errors="0" timestamp="2022-03-22T22:38:17 COT" skipped="0">
  <testcase classname="tests.LoginTest" name="failedLogin" time="12.091"/>
  <system-out/>
  <testcase classname="tests.LoginTest" name="successfulLogin" time="15.811"/>
  <system-out/>
</testsuite> <!-- tests.LoginTest -->
