<?xml version="1.0" encoding="UTF-8"?>
<!-- Generated by org.testng.reporters.JUnitReportReporter -->
<testsuite hostname="EN911205" failures="0" tests="4" name="tests.MovieTest" time="48.057" errors="0" timestamp="2022-03-22T22:38:17 COT" skipped="0">
  <testcase classname="tests.MovieTest" name="successfulSearch" time="8.489"/>
  <system-out/>
  <testcase classname="tests.MovieTest" name="validateActingTimeline" time="15.528"/>
  <system-out/>
  <testcase classname="tests.MovieTest" name="verifyMovieGenreFilter" time="9.366"/>
  <system-out/>
  <testcase classname="tests.MovieTest" name="sortByDatesOnAscendingOrder" time="14.674"/>
  <system-out/>
</testsuite> <!-- tests.MovieTest -->
