<?xml version="1.0" encoding="UTF-8"?>
<!-- Generated by org.testng.reporters.JUnitReportReporter -->
<testsuite hostname="EN911205" failures="0" tests="1" name="tests.LoginTest" time="17.106" errors="0" timestamp="2022-03-21T16:23:46 COT" skipped="0">
  <testcase classname="tests.LoginTest" name="successfulLogin" time="17.106"/>
  <system-out/>
</testsuite> <!-- tests.LoginTest -->
